-------------------------------------------------------------------------------
Test set: com.automacao_api.runners.TestRunner
-------------------------------------------------------------------------------
Tests run: 5, Failures: 0, Errors: 5, Skipped: 0, Time elapsed: 1.048 s <<< FAILURE! - in com.automacao_api.runners.TestRunner
Validar endpoint GET(Teste de API com BDD)  Time elapsed: 0.162 s  <<< ERROR!
io.cucumber.junit.UndefinedStepException: 
The step 'que eu defino a URL base como "https://jsonplaceholder.typicode.com"' and 3 other step(s) are undefined.
You can implement these steps using the snippet(s) below:

@Given("que eu defino a URL base como {string}")
public void que_eu_defino_a_url_base_como(String string) {
    // Write code here that turns the phrase above into concrete actions
    throw new io.cucumber.java.PendingException();
}
@When("eu faço uma requisição GET para {string}")
public void eu_faço_uma_requisição_get_para(String string) {
    // Write code here that turns the phrase above into concrete actions
    throw new io.cucumber.java.PendingException();
}
@Then("o status code deve ser {int}")
public void o_status_code_deve_ser(Integer int1) {
    // Write code here that turns the phrase above into concrete actions
    throw new io.cucumber.java.PendingException();
}
@Then("o response body deve conter {string} igual a {int}")
public void o_response_body_deve_conter_igual_a(String string, Integer int1) {
    // Write code here that turns the phrase above into concrete actions
    throw new io.cucumber.java.PendingException();
}


Validar endpoint PUT(Teste de API com BDD)  Time elapsed: 0.012 s  <<< ERROR!
io.cucumber.junit.UndefinedStepException: 
The step 'que eu defino a URL base como "https://jsonplaceholder.typicode.com"' and 3 other step(s) are undefined.
You can implement these steps using the snippet(s) below:

@Given("que eu defino a URL base como {string}")
public void que_eu_defino_a_url_base_como(String string) {
    // Write code here that turns the phrase above into concrete actions
    throw new io.cucumber.java.PendingException();
}
@When("eu faço uma requisição PUT para {string} com o seguinte body:")
public void eu_faço_uma_requisição_put_para_com_o_seguinte_body(String string, String docString) {
    // Write code here that turns the phrase above into concrete actions
    throw new io.cucumber.java.PendingException();
}
@Then("o status code deve ser {int}")
public void o_status_code_deve_ser(Integer int1) {
    // Write code here that turns the phrase above into concrete actions
    throw new io.cucumber.java.PendingException();
}
@Then("o response body deve conter {string} igual a {string}")
public void o_response_body_deve_conter_igual_a(String string, String string2) {
    // Write code here that turns the phrase above into concrete actions
    throw new io.cucumber.java.PendingException();
}


Validar endpoint DELETE(Teste de API com BDD)  Time elapsed: 0.021 s  <<< ERROR!
io.cucumber.junit.UndefinedStepException: 
The step 'que eu defino a URL base como "https://jsonplaceholder.typicode.com"' and 2 other step(s) are undefined.
You can implement these steps using the snippet(s) below:

@Given("que eu defino a URL base como {string}")
public void que_eu_defino_a_url_base_como(String string) {
    // Write code here that turns the phrase above into concrete actions
    throw new io.cucumber.java.PendingException();
}
@When("eu faço uma requisição DELETE para {string}")
public void eu_faço_uma_requisição_delete_para(String string) {
    // Write code here that turns the phrase above into concrete actions
    throw new io.cucumber.java.PendingException();
}
@Then("o status code deve ser {int}")
public void o_status_code_deve_ser(Integer int1) {
    // Write code here that turns the phrase above into concrete actions
    throw new io.cucumber.java.PendingException();
}


Validar endpoint POST(Teste de API com BDD)  Time elapsed: 0.033 s  <<< ERROR!
io.cucumber.junit.UndefinedStepException: 
The step 'que eu defino a URL base como "https://jsonplaceholder.typicode.com"' and 3 other step(s) are undefined.
You can implement these steps using the snippet(s) below:

@Given("que eu defino a URL base como {string}")
public void que_eu_defino_a_url_base_como(String string) {
    // Write code here that turns the phrase above into concrete actions
    throw new io.cucumber.java.PendingException();
}
@When("eu faço uma requisição POST para {string} com o seguinte body:")
public void eu_faço_uma_requisição_post_para_com_o_seguinte_body(String string, String docString) {
    // Write code here that turns the phrase above into concrete actions
    throw new io.cucumber.java.PendingException();
}
@Then("o status code deve ser {int}")
public void o_status_code_deve_ser(Integer int1) {
    // Write code here that turns the phrase above into concrete actions
    throw new io.cucumber.java.PendingException();
}
@Then("o response body deve conter {string} igual a {string}")
public void o_response_body_deve_conter_igual_a(String string, String string2) {
    // Write code here that turns the phrase above into concrete actions
    throw new io.cucumber.java.PendingException();
}


Login e navegação até o formulário(Teste de Login e Navegação)  Time elapsed: 0.014 s  <<< ERROR!
io.cucumber.junit.UndefinedStepException: 
The step 'que eu estou na página de login' and 4 other step(s) are undefined.
You can implement these steps using the snippet(s) below:

@Given("que eu estou na página de login")
public void que_eu_estou_na_página_de_login() {
    // Write code here that turns the phrase above into concrete actions
    throw new io.cucumber.java.PendingException();
}
@When("eu insiro {string} e {string}")
public void eu_insiro_e(String string, String string2) {
    // Write code here that turns the phrase above into concrete actions
    throw new io.cucumber.java.PendingException();
}
@When("clico no botão de login")
public void clico_no_botão_de_login() {
    // Write code here that turns the phrase above into concrete actions
    throw new io.cucumber.java.PendingException();
}
@Then("eu devo ser redirecionado para o dashboard")
public void eu_devo_ser_redirecionado_para_o_dashboard() {
    // Write code here that turns the phrase above into concrete actions
    throw new io.cucumber.java.PendingException();
}
@Then("o título da página deve conter {string}")
public void o_título_da_página_deve_conter(String string) {
    // Write code here that turns the phrase above into concrete actions
    throw new io.cucumber.java.PendingException();
}


