<?xml version="1.0" encoding="UTF-8"?>
<testsuite xmlns:xsi="http://www.w3.org/2001/XMLSchema-instance" xsi:noNamespaceSchemaLocation="https://maven.apache.org/surefire/maven-surefire-plugin/xsd/surefire-test-report.xsd" name="com.automacao_api.runners.TestRunner" time="1.048" tests="5" errors="5" skipped="0" failures="0">
  <properties>
[...]
</properties>
  <testcase name="Validar endpoint GET" classname="Teste de API com BDD" time="0.162">
    <error message="The step &apos;que eu defino a URL base como &quot;https://jsonplaceholder.typicode.com&quot;&apos; and 3 other step(s) are undefined.&#10;You can implement these steps using the snippet(s) below:&#10;&#10;@Given(&quot;que eu defino a URL base como {string}&quot;)&#10;public void que_eu_defino_a_url_base_como(String string) {&#10;    // Write code here that turns the phrase above into concrete actions&#10;    throw new io.cucumber.java.PendingException();&#10;}&#10;@When(&quot;eu faço uma requisição GET para {string}&quot;)&#10;public void eu_faço_uma_requisição_get_para(String string) {&#10;    // Write code here that turns the phrase above into concrete actions&#10;    throw new io.cucumber.java.PendingException();&#10;}&#10;@Then(&quot;o status code deve ser {int}&quot;)&#10;public void o_status_code_deve_ser(Integer int1) {&#10;    // Write code here that turns the phrase above into concrete actions&#10;    throw new io.cucumber.java.PendingException();&#10;}&#10;@Then(&quot;o response body deve conter {string} igual a {int}&quot;)&#10;public void o_response_body_deve_conter_igual_a(String string, Integer int1) {&#10;    // Write code here that turns the phrase above into concrete actions&#10;    throw new io.cucumber.java.PendingException();&#10;}&#10;" type="io.cucumber.junit.UndefinedStepException">io.cucumber.junit.UndefinedStepException: 
The step 'que eu defino a URL base como "https://jsonplaceholder.typicode.com"' and 3 other step(s) are undefined.
You can implement these steps using the snippet(s) below:

@Given("que eu defino a URL base como {string}")
public void que_eu_defino_a_url_base_como(String string) {
    // Write code here that turns the phrase above into concrete actions
    throw new io.cucumber.java.PendingException();
}
@When("eu faço uma requisição GET para {string}")
public void eu_faço_uma_requisição_get_para(String string) {
    // Write code here that turns the phrase above into concrete actions
    throw new io.cucumber.java.PendingException();
}
@Then("o status code deve ser {int}")
public void o_status_code_deve_ser(Integer int1) {
    // Write code here that turns the phrase above into concrete actions
    throw new io.cucumber.java.PendingException();
}
@Then("o response body deve conter {string} igual a {int}")
public void o_response_body_deve_conter_igual_a(String string, Integer int1) {
    // Write code here that turns the phrase above into concrete actions
    throw new io.cucumber.java.PendingException();
}

</error>
    <system-out><![CDATA[
Scenario: Validar endpoint GET                                               &amp#27;[90m# src/test/java/com/automacao_api/features/api.feature:3&amp#27;[0m
  &amp#27;[33mGiven &amp#27;[0m&amp#27;[33mque eu defino a URL base como "https://jsonplaceholder.typicode.com"&amp#27;[0m
  &amp#27;[36mWhen &amp#27;[0m&amp#27;[36meu faço uma requisição GET para "/posts/1"&amp#27;[0m
  &amp#27;[36mThen &amp#27;[0m&amp#27;[36mo status code deve ser 200&amp#27;[0m
  &amp#27;[36mAnd &amp#27;[0m&amp#27;[36mo response body deve conter "userId" igual a 1&amp#27;[0m
]]></system-out>
  </testcase>
  <testcase name="Validar endpoint PUT" classname="Teste de API com BDD" time="0.012">
    <error message="The step &apos;que eu defino a URL base como &quot;https://jsonplaceholder.typicode.com&quot;&apos; and 3 other step(s) are undefined.&#10;You can implement these steps using the snippet(s) below:&#10;&#10;@Given(&quot;que eu defino a URL base como {string}&quot;)&#10;public void que_eu_defino_a_url_base_como(String string) {&#10;    // Write code here that turns the phrase above into concrete actions&#10;    throw new io.cucumber.java.PendingException();&#10;}&#10;@When(&quot;eu faço uma requisição PUT para {string} com o seguinte body:&quot;)&#10;public void eu_faço_uma_requisição_put_para_com_o_seguinte_body(String string, String docString) {&#10;    // Write code here that turns the phrase above into concrete actions&#10;    throw new io.cucumber.java.PendingException();&#10;}&#10;@Then(&quot;o status code deve ser {int}&quot;)&#10;public void o_status_code_deve_ser(Integer int1) {&#10;    // Write code here that turns the phrase above into concrete actions&#10;    throw new io.cucumber.java.PendingException();&#10;}&#10;@Then(&quot;o response body deve conter {string} igual a {string}&quot;)&#10;public void o_response_body_deve_conter_igual_a(String string, String string2) {&#10;    // Write code here that turns the phrase above into concrete actions&#10;    throw new io.cucumber.java.PendingException();&#10;}&#10;" type="io.cucumber.junit.UndefinedStepException">io.cucumber.junit.UndefinedStepException: 
The step 'que eu defino a URL base como "https://jsonplaceholder.typicode.com"' and 3 other step(s) are undefined.
You can implement these steps using the snippet(s) below:

@Given("que eu defino a URL base como {string}")
public void que_eu_defino_a_url_base_como(String string) {
    // Write code here that turns the phrase above into concrete actions
    throw new io.cucumber.java.PendingException();
}
@When("eu faço uma requisição PUT para {string} com o seguinte body:")
public void eu_faço_uma_requisição_put_para_com_o_seguinte_body(String string, String docString) {
    // Write code here that turns the phrase above into concrete actions
    throw new io.cucumber.java.PendingException();
}
@Then("o status code deve ser {int}")
public void o_status_code_deve_ser(Integer int1) {
    // Write code here that turns the phrase above into concrete actions
    throw new io.cucumber.java.PendingException();
}
@Then("o response body deve conter {string} igual a {string}")
public void o_response_body_deve_conter_igual_a(String string, String string2) {
    // Write code here that turns the phrase above into concrete actions
    throw new io.cucumber.java.PendingException();
}

</error>
    <system-out><![CDATA[
Scenario: Validar endpoint PUT                                               &amp#27;[90m# src/test/java/com/automacao_api/features/api.feature:10&amp#27;[0m
  &amp#27;[33mGiven &amp#27;[0m&amp#27;[33mque eu defino a URL base como "https://jsonplaceholder.typicode.com"&amp#27;[0m
  &amp#27;[36mWhen &amp#27;[0m&amp#27;[36meu faço uma requisição PUT para "/posts/1" com o seguinte body:&amp#27;[0m
  &amp#27;[36mThen &amp#27;[0m&amp#27;[36mo status code deve ser 200&amp#27;[0m
  &amp#27;[36mAnd &amp#27;[0m&amp#27;[36mo response body deve conter "title" igual a "updated title"&amp#27;[0m
]]></system-out>
  </testcase>
  <testcase name="Validar endpoint DELETE" classname="Teste de API com BDD" time="0.021">
    <error message="The step &apos;que eu defino a URL base como &quot;https://jsonplaceholder.typicode.com&quot;&apos; and 2 other step(s) are undefined.&#10;You can implement these steps using the snippet(s) below:&#10;&#10;@Given(&quot;que eu defino a URL base como {string}&quot;)&#10;public void que_eu_defino_a_url_base_como(String string) {&#10;    // Write code here that turns the phrase above into concrete actions&#10;    throw new io.cucumber.java.PendingException();&#10;}&#10;@When(&quot;eu faço uma requisição DELETE para {string}&quot;)&#10;public void eu_faço_uma_requisição_delete_para(String string) {&#10;    // Write code here that turns the phrase above into concrete actions&#10;    throw new io.cucumber.java.PendingException();&#10;}&#10;@Then(&quot;o status code deve ser {int}&quot;)&#10;public void o_status_code_deve_ser(Integer int1) {&#10;    // Write code here that turns the phrase above into concrete actions&#10;    throw new io.cucumber.java.PendingException();&#10;}&#10;" type="io.cucumber.junit.UndefinedStepException">io.cucumber.junit.UndefinedStepException: 
The step 'que eu defino a URL base como "https://jsonplaceholder.typicode.com"' and 2 other step(s) are undefined.
You can implement these steps using the snippet(s) below:

@Given("que eu defino a URL base como {string}")
public void que_eu_defino_a_url_base_como(String string) {
    // Write code here that turns the phrase above into concrete actions
    throw new io.cucumber.java.PendingException();
}
@When("eu faço uma requisição DELETE para {string}")
public void eu_faço_uma_requisição_delete_para(String string) {
    // Write code here that turns the phrase above into concrete actions
    throw new io.cucumber.java.PendingException();
}
@Then("o status code deve ser {int}")
public void o_status_code_deve_ser(Integer int1) {
    // Write code here that turns the phrase above into concrete actions
    throw new io.cucumber.java.PendingException();
}

</error>
    <system-out><![CDATA[
Scenario: Validar endpoint DELETE                                            &amp#27;[90m# src/test/java/com/automacao_api/features/api.feature:24&amp#27;[0m
  &amp#27;[33mGiven &amp#27;[0m&amp#27;[33mque eu defino a URL base como "https://jsonplaceholder.typicode.com"&amp#27;[0m
  &amp#27;[36mWhen &amp#27;[0m&amp#27;[36meu faço uma requisição DELETE para "/posts/1"&amp#27;[0m
  &amp#27;[36mThen &amp#27;[0m&amp#27;[36mo status code deve ser 200&amp#27;[0m
]]></system-out>
  </testcase>
  <testcase name="Validar endpoint POST" classname="Teste de API com BDD" time="0.033">
    <error message="The step &apos;que eu defino a URL base como &quot;https://jsonplaceholder.typicode.com&quot;&apos; and 3 other step(s) are undefined.&#10;You can implement these steps using the snippet(s) below:&#10;&#10;@Given(&quot;que eu defino a URL base como {string}&quot;)&#10;public void que_eu_defino_a_url_base_como(String string) {&#10;    // Write code here that turns the phrase above into concrete actions&#10;    throw new io.cucumber.java.PendingException();&#10;}&#10;@When(&quot;eu faço uma requisição POST para {string} com o seguinte body:&quot;)&#10;public void eu_faço_uma_requisição_post_para_com_o_seguinte_body(String string, String docString) {&#10;    // Write code here that turns the phrase above into concrete actions&#10;    throw new io.cucumber.java.PendingException();&#10;}&#10;@Then(&quot;o status code deve ser {int}&quot;)&#10;public void o_status_code_deve_ser(Integer int1) {&#10;    // Write code here that turns the phrase above into concrete actions&#10;    throw new io.cucumber.java.PendingException();&#10;}&#10;@Then(&quot;o response body deve conter {string} igual a {string}&quot;)&#10;public void o_response_body_deve_conter_igual_a(String string, String string2) {&#10;    // Write code here that turns the phrase above into concrete actions&#10;    throw new io.cucumber.java.PendingException();&#10;}&#10;" type="io.cucumber.junit.UndefinedStepException">io.cucumber.junit.UndefinedStepException: 
The step 'que eu defino a URL base como "https://jsonplaceholder.typicode.com"' and 3 other step(s) are undefined.
You can implement these steps using the snippet(s) below:

@Given("que eu defino a URL base como {string}")
public void que_eu_defino_a_url_base_como(String string) {
    // Write code here that turns the phrase above into concrete actions
    throw new io.cucumber.java.PendingException();
}
@When("eu faço uma requisição POST para {string} com o seguinte body:")
public void eu_faço_uma_requisição_post_para_com_o_seguinte_body(String string, String docString) {
    // Write code here that turns the phrase above into concrete actions
    throw new io.cucumber.java.PendingException();
}
@Then("o status code deve ser {int}")
public void o_status_code_deve_ser(Integer int1) {
    // Write code here that turns the phrase above into concrete actions
    throw new io.cucumber.java.PendingException();
}
@Then("o response body deve conter {string} igual a {string}")
public void o_response_body_deve_conter_igual_a(String string, String string2) {
    // Write code here that turns the phrase above into concrete actions
    throw new io.cucumber.java.PendingException();
}

</error>
    <system-out><![CDATA[
Scenario: Validar endpoint POST                                              &amp#27;[90m# src/test/java/com/automacao_api/features/api.feature:32&amp#27;[0m
  &amp#27;[33mGiven &amp#27;[0m&amp#27;[33mque eu defino a URL base como "https://jsonplaceholder.typicode.com"&amp#27;[0m
  &amp#27;[36mWhen &amp#27;[0m&amp#27;[36meu faço uma requisição POST para "/posts" com o seguinte body:&amp#27;[0m
  &amp#27;[36mThen &amp#27;[0m&amp#27;[36mo status code deve ser 201&amp#27;[0m
  &amp#27;[36mAnd &amp#27;[0m&amp#27;[36mo response body deve conter "title" igual a "foo"&amp#27;[0m
]]></system-out>
  </testcase>
  <testcase name="Login e navegação até o formulário" classname="Teste de Login e Navegação" time="0.014">
    <error message="The step &apos;que eu estou na página de login&apos; and 4 other step(s) are undefined.&#10;You can implement these steps using the snippet(s) below:&#10;&#10;@Given(&quot;que eu estou na página de login&quot;)&#10;public void que_eu_estou_na_página_de_login() {&#10;    // Write code here that turns the phrase above into concrete actions&#10;    throw new io.cucumber.java.PendingException();&#10;}&#10;@When(&quot;eu insiro {string} e {string}&quot;)&#10;public void eu_insiro_e(String string, String string2) {&#10;    // Write code here that turns the phrase above into concrete actions&#10;    throw new io.cucumber.java.PendingException();&#10;}&#10;@When(&quot;clico no botão de login&quot;)&#10;public void clico_no_botão_de_login() {&#10;    // Write code here that turns the phrase above into concrete actions&#10;    throw new io.cucumber.java.PendingException();&#10;}&#10;@Then(&quot;eu devo ser redirecionado para o dashboard&quot;)&#10;public void eu_devo_ser_redirecionado_para_o_dashboard() {&#10;    // Write code here that turns the phrase above into concrete actions&#10;    throw new io.cucumber.java.PendingException();&#10;}&#10;@Then(&quot;o título da página deve conter {string}&quot;)&#10;public void o_título_da_página_deve_conter(String string) {&#10;    // Write code here that turns the phrase above into concrete actions&#10;    throw new io.cucumber.java.PendingException();&#10;}&#10;" type="io.cucumber.junit.UndefinedStepException">io.cucumber.junit.UndefinedStepException: 
The step 'que eu estou na página de login' and 4 other step(s) are undefined.
You can implement these steps using the snippet(s) below:

@Given("que eu estou na página de login")
public void que_eu_estou_na_página_de_login() {
    // Write code here that turns the phrase above into concrete actions
    throw new io.cucumber.java.PendingException();
}
@When("eu insiro {string} e {string}")
public void eu_insiro_e(String string, String string2) {
    // Write code here that turns the phrase above into concrete actions
    throw new io.cucumber.java.PendingException();
}
@When("clico no botão de login")
public void clico_no_botão_de_login() {
    // Write code here that turns the phrase above into concrete actions
    throw new io.cucumber.java.PendingException();
}
@Then("eu devo ser redirecionado para o dashboard")
public void eu_devo_ser_redirecionado_para_o_dashboard() {
    // Write code here that turns the phrase above into concrete actions
    throw new io.cucumber.java.PendingException();
}
@Then("o título da página deve conter {string}")
public void o_título_da_página_deve_conter(String string) {
    // Write code here that turns the phrase above into concrete actions
    throw new io.cucumber.java.PendingException();
}

</error>
    <system-out><![CDATA[
Scenario: Login e navegação até o formulário      &amp#27;[90m# src/test/java/com/automacao_api/features/login.feature:3&amp#27;[0m
  &amp#27;[33mGiven &amp#27;[0m&amp#27;[33mque eu estou na página de login&amp#27;[0m
  &amp#27;[36mWhen &amp#27;[0m&amp#27;[36meu insiro "usuario_teste" e "senha_teste"&amp#27;[0m
  &amp#27;[36mAnd &amp#27;[0m&amp#27;[36mclico no botão de login&amp#27;[0m
  &amp#27;[36mThen &amp#27;[0m&amp#27;[36meu devo ser redirecionado para o dashboard&amp#27;[0m
  &amp#27;[36mAnd &amp#27;[0m&amp#27;[36mo título da página deve conter "Dashboard"&amp#27;[0m
]]></system-out>
  </testcase>
</testsuite>